TN:
SF:src/creational/factory-method/index.js
FN:1,Object.<anonymous>
FN:5,FoodProduct
FN:6,getName
FN:9,size
FN:14,ElectronProduct
FN:15,getName
FN:18,size
FN:23,createAction
FN:30,FoodCreator
FN:33,factoryMethod
FN:39,ElectronCreator
FN:42,factoryMethod
FNF:12
FNH:7
FNDA:1,Object.<anonymous>
FNDA:0,FoodProduct
FNDA:0,getName
FNDA:0,size
FNDA:1,ElectronProduct
FNDA:1,getName
FNDA:1,size
FNDA:1,createAction
FNDA:0,FoodCreator
FNDA:0,factoryMethod
FNDA:1,ElectronCreator
FNDA:1,factoryMethod
DA:1,1
DA:2,1
DA:3,1
DA:4,1
DA:5,1
DA:6,1
DA:7,0
DA:8,0
DA:9,1
DA:10,0
DA:11,0
DA:12,1
DA:13,1
DA:14,1
DA:15,1
DA:16,1
DA:17,1
DA:18,1
DA:19,1
DA:20,1
DA:21,1
DA:22,1
DA:23,1
DA:24,1
DA:25,1
DA:26,1
DA:27,1
DA:28,1
DA:29,1
DA:30,1
DA:31,0
DA:32,0
DA:33,1
DA:34,0
DA:35,0
DA:36,1
DA:37,1
DA:38,1
DA:39,1
DA:40,1
DA:41,1
DA:42,1
DA:43,1
DA:44,1
DA:45,1
DA:46,1
LF:46
LH:38
BRDA:1,0,0,1
BRDA:1,1,0,1
BRDA:14,2,0,1
BRDA:15,3,0,1
BRDA:18,4,0,1
BRDA:23,5,0,1
BRDA:39,6,0,1
BRDA:42,7,0,1
BRF:8
BRH:8
end_of_record
